<?xml version="1.0" encoding="UTF-8"?>
<!-- Generated by org.testng.reporters.JUnitReportReporter -->
<testsuite name="com.automation.testScripts.TC_RegistrationWay2Automation" tests="1" time="19.723" ignored="0" failures="0" timestamp="16 Jul 2017 14:18:50 GMT" skipped="0" hostname="kopal-pc" errors="0">
  <testcase name="clickSignIn" time="19.723" classname="com.automation.testScripts.TC_RegistrationWay2Automation"/>
</testsuite> <!-- com.automation.testScripts.TC_RegistrationWay2Automation -->
