<?xml version="1.0" encoding="UTF-8"?>
<!-- Generated by org.testng.reporters.JUnitReportReporter -->
<testsuite name="com.test.UIAutomation.HomePage.TC_001_EnterDetails" tests="1" time="15.438" ignored="0" failures="0" timestamp="12 Jul 2017 19:26:23 GMT" skipped="0" hostname="kopal-pc" errors="0">
  <testcase name="enterDetails" time="15.438" classname="com.test.UIAutomation.HomePage.TC_001_EnterDetails"/>
</testsuite> <!-- com.test.UIAutomation.HomePage.TC_001_EnterDetails -->
