<?xml version="1.0" encoding="UTF-8"?>
<!-- Generated by org.testng.reporters.JUnitReportReporter -->
<testsuite name="com.automation.testScripts.TC_AddingTask" tests="2" time="86.734" ignored="0" failures="0" timestamp="09 Aug 2017 07:32:08 GMT" skipped="0" hostname="kopal-pc" errors="0">
  <testcase name="EnterTask" time="1.945" classname="com.automation.testScripts.TC_AddingTask"/>
  <testcase name="EnterMultipleTasks" time="84.789" classname="com.automation.testScripts.TC_AddingTask"/>
</testsuite> <!-- com.automation.testScripts.TC_AddingTask -->
